-------------------------------------------------------------------------------
Test set: org.github.philipsonfhir.smartonfhir.secureproxy.controller.SmartConfigurationTest
-------------------------------------------------------------------------------
Tests run: 2, Failures: 0, Errors: 2, Skipped: 0, Time elapsed: 13.783 s <<< FAILURE! - in org.github.philipsonfhir.smartonfhir.secureproxy.controller.SmartConfigurationTest
getSmartConfiguration(org.github.philipsonfhir.smartonfhir.secureproxy.controller.SmartConfigurationTest)  Time elapsed: 0.041 s  <<< ERROR!
java.lang.IllegalStateException: Failed to load ApplicationContext
Caused by: org.springframework.beans.factory.BeanCreationException: Error creating bean with name 'fhirProxyController' defined in file [C:\Data\CONNECT\github\fhir-cast-dev-auth\worklist\target\classes\org\github\philipsonfhir\smartonfhir\basic\controller\FhirProxyController.class]: Instantiation of bean failed; nested exception is org.springframework.beans.BeanInstantiationException: Failed to instantiate [org.github.philipsonfhir.smartonfhir.basic.controller.FhirProxyController]: No default constructor found; nested exception is java.lang.NoSuchMethodException: org.github.philipsonfhir.smartonfhir.basic.controller.FhirProxyController.<init>()
Caused by: org.springframework.beans.BeanInstantiationException: Failed to instantiate [org.github.philipsonfhir.smartonfhir.basic.controller.FhirProxyController]: No default constructor found; nested exception is java.lang.NoSuchMethodException: org.github.philipsonfhir.smartonfhir.basic.controller.FhirProxyController.<init>()
Caused by: java.lang.NoSuchMethodException: org.github.philipsonfhir.smartonfhir.basic.controller.FhirProxyController.<init>()

getSmartConfigurationCPS(org.github.philipsonfhir.smartonfhir.secureproxy.controller.SmartConfigurationTest)  Time elapsed: 0.001 s  <<< ERROR!
java.lang.IllegalStateException: Failed to load ApplicationContext
Caused by: org.springframework.beans.factory.BeanCreationException: Error creating bean with name 'fhirProxyController' defined in file [C:\Data\CONNECT\github\fhir-cast-dev-auth\worklist\target\classes\org\github\philipsonfhir\smartonfhir\basic\controller\FhirProxyController.class]: Instantiation of bean failed; nested exception is org.springframework.beans.BeanInstantiationException: Failed to instantiate [org.github.philipsonfhir.smartonfhir.basic.controller.FhirProxyController]: No default constructor found; nested exception is java.lang.NoSuchMethodException: org.github.philipsonfhir.smartonfhir.basic.controller.FhirProxyController.<init>()
Caused by: org.springframework.beans.BeanInstantiationException: Failed to instantiate [org.github.philipsonfhir.smartonfhir.basic.controller.FhirProxyController]: No default constructor found; nested exception is java.lang.NoSuchMethodException: org.github.philipsonfhir.smartonfhir.basic.controller.FhirProxyController.<init>()
Caused by: java.lang.NoSuchMethodException: org.github.philipsonfhir.smartonfhir.basic.controller.FhirProxyController.<init>()

