<?xml version="1.0" encoding="UTF-8"?>
<testsuite xmlns:xsi="http://www.w3.org/2001/XMLSchema-instance" xsi:noNamespaceSchemaLocation="https://maven.apache.org/surefire/maven-surefire-plugin/xsd/surefire-test-report.xsd" name="org.github.philipsonfhir.smartonfhir.smartonfhir.SmartOnFhirCallTest" time="1.237" tests="1" errors="1" skipped="0" failures="0">
  <properties>
[...]
</properties>
  <testcase name="smartOnFhirCall" classname="org.github.philipsonfhir.smartonfhir.smartonfhir.SmartOnFhirCallTest" time="1.236">
    <error message="Connection refused: connect" type="java.net.ConnectException">java.net.ConnectException: Connection refused: connect
	at org.github.philipsonfhir.smartonfhir.smartonfhir.SmartOnFhirCallTest.smartOnFhirCall(SmartOnFhirCallTest.java:49)
</error>
  </testcase>
</testsuite>