<?xml version="1.0" encoding="UTF-8"?>
<testsuite xmlns:xsi="http://www.w3.org/2001/XMLSchema-instance" xsi:noNamespaceSchemaLocation="https://maven.apache.org/surefire/maven-surefire-plugin/xsd/surefire-test-report.xsd" name="org.github.philipsonfhir.smartonfhir.basic.controller.service.FhirServerTest" time="5.572" tests="1" errors="1" skipped="0" failures="0">
  <properties>
[...]
</properties>
  <testcase name="getCapabilityStatementFromTestServer" classname="org.github.philipsonfhir.smartonfhir.basic.controller.service.FhirServerTest" time="5.427">
    <error message="Failed to retrieve the server metadata statement during client initialization. URL used was http://localhost:9504/hapi-fhir-jpaserver/fhir/metadata" type="ca.uhn.fhir.rest.client.exceptions.FhirClientConnectionException">ca.uhn.fhir.rest.client.exceptions.FhirClientConnectionException: Failed to retrieve the server metadata statement during client initialization. URL used was http://localhost:9504/hapi-fhir-jpaserver/fhir/metadata
	at org.github.philipsonfhir.smartonfhir.basic.controller.service.FhirServerTest.getCapabilityStatementFromTestServer(FhirServerTest.java:12)
Caused by: ca.uhn.fhir.rest.client.exceptions.FhirClientConnectionException: Failed to parse response from server when performing GET to URL http://localhost:9504/hapi-fhir-jpaserver/fhir/metadata - org.apache.http.conn.HttpHostConnectException: Connect to localhost:9504 [localhost/127.0.0.1, localhost/0:0:0:0:0:0:0:1] failed: Connection refused: connect
	at org.github.philipsonfhir.smartonfhir.basic.controller.service.FhirServerTest.getCapabilityStatementFromTestServer(FhirServerTest.java:12)
Caused by: org.apache.http.conn.HttpHostConnectException: Connect to localhost:9504 [localhost/127.0.0.1, localhost/0:0:0:0:0:0:0:1] failed: Connection refused: connect
	at org.github.philipsonfhir.smartonfhir.basic.controller.service.FhirServerTest.getCapabilityStatementFromTestServer(FhirServerTest.java:12)
Caused by: java.net.ConnectException: Connection refused: connect
	at org.github.philipsonfhir.smartonfhir.basic.controller.service.FhirServerTest.getCapabilityStatementFromTestServer(FhirServerTest.java:12)
</error>
    <system-out><![CDATA[12:07:51.796 [main] INFO ca.uhn.fhir.util.VersionUtil - HAPI FHIR version 3.7.0 - Rev f2560071c8
12:07:51.811 [main] INFO ca.uhn.fhir.context.FhirContext - Creating new FHIR context for FHIR version [R4]
12:07:52.687 [main] INFO ca.uhn.fhir.util.XmlUtil - Unable to determine StAX implementation: java.xml/META-INF/MANIFEST.MF not found
12:07:52.689 [main] DEBUG ca.uhn.fhir.util.XmlUtil - WstxOutputFactory (Woodstox) not found on classpath
12:07:53.990 [main] DEBUG ca.uhn.fhir.context.ModelScanner - Scanning datatype class: org.hl7.fhir.r4.model.UsageContext
12:07:54.014 [main] DEBUG ca.uhn.fhir.context.ModelScanner - Scanning datatype class: org.hl7.fhir.r4.model.TriggerDefinition
12:07:54.015 [main] DEBUG ca.uhn.fhir.context.ModelScanner - Scanning datatype class: org.hl7.fhir.r4.model.HumanName
12:07:54.018 [main] DEBUG ca.uhn.fhir.context.ModelScanner - Scanning datatype class: org.hl7.fhir.r4.model.Dosage
12:07:54.021 [main] DEBUG ca.uhn.fhir.context.ModelScanner - Scanning datatype class: org.hl7.fhir.r4.model.Ratio
12:07:54.023 [main] DEBUG ca.uhn.fhir.context.ModelScanner - Scanning resource class: org.hl7.fhir.r4.model.MarkdownType
12:07:54.024 [main] DEBUG ca.uhn.fhir.context.ModelScanner - Scanning datatype class: org.hl7.fhir.r4.model.Attachment
12:07:54.026 [main] DEBUG ca.uhn.fhir.context.ModelScanner - Scanning datatype class: org.hl7.fhir.r4.model.Expression
12:07:54.027 [main] DEBUG ca.uhn.fhir.context.ModelScanner - Scanning datatype class: org.hl7.fhir.r4.model.DataRequirement
12:07:54.029 [main] DEBUG ca.uhn.fhir.context.ModelScanner - Scanning datatype class: org.hl7.fhir.r4.model.SubstanceAmount
12:07:54.031 [main] DEBUG ca.uhn.fhir.context.ModelScanner - Scanning resource class: org.hl7.fhir.r4.model.CanonicalType
12:07:54.031 [main] DEBUG ca.uhn.fhir.context.ModelScanner - Scanning datatype class: org.hl7.fhir.r4.model.Signature
12:07:54.034 [main] DEBUG ca.uhn.fhir.context.ModelScanner - Scanning resource class: org.hl7.fhir.r4.model.InstantType
12:07:54.035 [main] DEBUG ca.uhn.fhir.context.ModelScanner - Scanning resource class: org.hl7.fhir.r4.model.DecimalType
12:07:54.035 [main] DEBUG ca.uhn.fhir.context.ModelScanner - Scanning datatype class: org.hl7.fhir.r4.model.Coding
12:07:54.037 [main] DEBUG ca.uhn.fhir.context.ModelScanner - Scanning resource class: org.hl7.fhir.r4.model.IntegerType
12:07:54.037 [main] DEBUG ca.uhn.fhir.context.ModelScanner - Scanning datatype class: org.hl7.fhir.r4.model.Period
12:07:54.038 [main] DEBUG ca.uhn.fhir.context.ModelScanner - Scanning resource class: org.hl7.fhir.r4.model.UnsignedIntType
12:07:54.038 [main] DEBUG ca.uhn.fhir.context.ModelScanner - Scanning datatype class: org.hl7.fhir.r4.model.ProductShelfLife
12:07:54.039 [main] DEBUG ca.uhn.fhir.context.ModelScanner - Scanning resource class: org.hl7.fhir.r4.model.DateTimeType
12:07:54.040 [main] DEBUG ca.uhn.fhir.context.ModelScanner - Scanning datatype class: org.hl7.fhir.r4.model.SimpleQuantity
12:07:54.041 [main] DEBUG ca.uhn.fhir.context.ModelScanner - Scanning resource class: org.hl7.fhir.r4.model.PositiveIntType
12:07:54.041 [main] DEBUG ca.uhn.fhir.context.ModelScanner - Scanning resource class: org.hl7.fhir.r4.model.UriType
12:07:54.041 [main] DEBUG ca.uhn.fhir.context.ModelScanner - Scanning datatype class: org.hl7.fhir.r4.model.ProdCharacteristic
12:07:54.043 [main] DEBUG ca.uhn.fhir.context.ModelScanner - Scanning datatype class: org.hl7.fhir.r4.model.Age
12:07:54.044 [main] DEBUG ca.uhn.fhir.context.ModelScanner - Scanning resource class: org.hl7.fhir.r4.model.CodeType
12:07:54.044 [main] DEBUG ca.uhn.fhir.context.ModelScanner - Scanning datatype class: org.hl7.fhir.r4.model.ParameterDefinition
12:07:54.045 [main] DEBUG ca.uhn.fhir.context.ModelScanner - Scanning datatype class: org.hl7.fhir.r4.model.Timing
12:07:54.046 [main] DEBUG ca.uhn.fhir.context.ModelScanner - Scanning resource class: org.hl7.fhir.r4.model.OidType
12:07:54.047 [main] DEBUG ca.uhn.fhir.context.ModelScanner - Scanning datatype class: org.hl7.fhir.r4.model.Population
12:07:54.047 [main] DEBUG ca.uhn.fhir.context.ModelScanner - Scanning datatype class: org.hl7.fhir.r4.model.ContactPoint
12:07:54.049 [main] DEBUG ca.uhn.fhir.context.ModelScanner - Scanning datatype class: org.hl7.fhir.r4.model.Narrative
12:07:54.049 [main] DEBUG ca.uhn.fhir.context.ModelScanner - Scanning datatype class: org.hl7.fhir.r4.model.CodeableConcept
12:07:54.050 [main] DEBUG ca.uhn.fhir.context.ModelScanner - Scanning datatype class: org.hl7.fhir.r4.model.Count
12:07:54.050 [main] DEBUG ca.uhn.fhir.context.ModelScanner - Scanning datatype class: org.hl7.fhir.r4.model.Money
12:07:54.051 [main] DEBUG ca.uhn.fhir.context.ModelScanner - Scanning datatype class: org.hl7.fhir.r4.model.Contributor
12:07:54.052 [main] DEBUG ca.uhn.fhir.context.ModelScanner - Scanning resource class: org.hl7.fhir.r4.model.StringType
12:07:54.053 [main] DEBUG ca.uhn.fhir.context.ModelScanner - Scanning datatype class: org.hl7.fhir.r4.model.Meta
12:07:54.055 [main] DEBUG ca.uhn.fhir.context.ModelScanner - Scanning datatype class: org.hl7.fhir.r4.model.Range
12:07:54.056 [main] DEBUG ca.uhn.fhir.context.ModelScanner - Scanning datatype class: org.hl7.fhir.r4.model.Distance
12:07:54.056 [main] DEBUG ca.uhn.fhir.context.ModelScanner - Scanning resource class: org.hl7.fhir.r4.model.Enumeration
12:07:54.057 [main] DEBUG ca.uhn.fhir.context.ModelScanner - Scanning datatype class: org.hl7.fhir.r4.model.ElementDefinition
12:07:54.066 [main] DEBUG ca.uhn.fhir.context.ModelScanner - Scanning resource class: org.hl7.fhir.r4.model.BooleanType
12:07:54.067 [main] DEBUG ca.uhn.fhir.context.ModelScanner - Scanning datatype class: org.hl7.fhir.r4.model.ContactDetail
12:07:54.068 [main] DEBUG ca.uhn.fhir.context.ModelScanner - Scanning datatype class: org.hl7.fhir.r4.model.Quantity
12:07:54.068 [main] DEBUG ca.uhn.fhir.context.ModelScanner - Scanning datatype class: org.hl7.fhir.r4.model.MarketingStatus
12:07:54.069 [main] DEBUG ca.uhn.fhir.context.ModelScanner - Scanning datatype class: org.hl7.fhir.r4.model.SubstanceMoiety
12:07:54.071 [main] DEBUG ca.uhn.fhir.context.ModelScanner - Scanning datatype class: org.hl7.fhir.r4.model.Extension
12:07:54.071 [main] DEBUG ca.uhn.fhir.context.ModelScanner - Scanning resource class: org.hl7.fhir.r4.model.UrlType
12:07:54.071 [main] DEBUG ca.uhn.fhir.context.ModelScanner - Scanning resource class: org.hl7.fhir.r4.model.TimeType
12:07:54.072 [main] DEBUG ca.uhn.fhir.context.ModelScanner - Scanning datatype class: org.hl7.fhir.r4.model.Address
12:07:54.073 [main] DEBUG ca.uhn.fhir.context.ModelScanner - Scanning resource class: org.hl7.fhir.r4.model.IdType
12:07:54.073 [main] DEBUG ca.uhn.fhir.context.ModelScanner - Scanning datatype class: org.hl7.fhir.r4.model.SampledData
12:07:54.074 [main] DEBUG ca.uhn.fhir.context.ModelScanner - Scanning datatype class: org.hl7.fhir.r4.model.Annotation
12:07:54.075 [main] DEBUG ca.uhn.fhir.context.ModelScanner - Scanning datatype class: org.hl7.fhir.r4.model.RelatedArtifact
12:07:54.077 [main] DEBUG ca.uhn.fhir.context.ModelScanner - Scanning resource class: org.hl7.fhir.r4.model.Base64BinaryType
12:07:54.078 [main] DEBUG ca.uhn.fhir.context.ModelScanner - Scanning datatype class: org.hl7.fhir.r4.model.Duration
12:07:54.079 [main] DEBUG ca.uhn.fhir.context.ModelScanner - Scanning resource class: org.hl7.fhir.utilities.xhtml.XhtmlNode
12:07:54.079 [main] DEBUG ca.uhn.fhir.context.ModelScanner - Scanning resource class: org.hl7.fhir.r4.model.DateType
12:07:54.080 [main] DEBUG ca.uhn.fhir.context.ModelScanner - Scanning datatype class: org.hl7.fhir.r4.model.Reference
12:07:54.080 [main] DEBUG ca.uhn.fhir.context.ModelScanner - Scanning datatype class: org.hl7.fhir.r4.model.Identifier
12:07:54.081 [main] DEBUG ca.uhn.fhir.context.ModelScanner - Scanning datatype class: org.hl7.fhir.r4.model.MoneyQuantity
12:07:54.085 [main] DEBUG ca.uhn.fhir.context.ModelScanner - Scanning resource class: org.hl7.fhir.r4.model.Practitioner
12:07:54.105 [main] DEBUG ca.uhn.fhir.context.ModelScanner - Scanning resource block class: org.hl7.fhir.r4.model.ElementDefinition$TypeRefComponent
12:07:54.108 [main] DEBUG ca.uhn.fhir.context.ModelScanner - Scanning resource class: org.hl7.fhir.r4.model.Location
12:07:54.114 [main] DEBUG ca.uhn.fhir.context.ModelScanner - Scanning resource class: org.hl7.fhir.r4.model.Schedule
12:07:54.120 [main] DEBUG ca.uhn.fhir.context.ModelScanner - Scanning resource class: org.hl7.fhir.r4.model.HealthcareService
12:07:54.124 [main] DEBUG ca.uhn.fhir.context.ModelScanner - Scanning resource class: org.hl7.fhir.r4.model.RelatedPerson
12:07:54.126 [main] DEBUG ca.uhn.fhir.context.ModelScanner - Scanning resource class: org.hl7.fhir.r4.model.Patient
12:07:54.131 [main] DEBUG ca.uhn.fhir.context.ModelScanner - Scanning resource block class: org.hl7.fhir.r4.model.ElementDefinition$ElementDefinitionMappingComponent
12:07:54.156 [main] DEBUG ca.uhn.fhir.context.ModelScanner - Scanning resource block class: org.hl7.fhir.r4.model.ElementDefinition$ElementDefinitionExampleComponent
12:07:54.159 [main] DEBUG ca.uhn.fhir.context.ModelScanner - Scanning resource block class: org.hl7.fhir.r4.model.Timing$TimingRepeatComponent
12:07:54.166 [main] DEBUG ca.uhn.fhir.context.ModelScanner - Scanning resource block class: org.hl7.fhir.r4.model.SubstanceAmount$SubstanceAmountReferenceRangeComponent
12:07:54.167 [main] DEBUG ca.uhn.fhir.context.ModelScanner - Scanning resource block class: org.hl7.fhir.r4.model.DataRequirement$DataRequirementSortComponent
12:07:54.168 [main] DEBUG ca.uhn.fhir.context.ModelScanner - Scanning resource block class: org.hl7.fhir.r4.model.ElementDefinition$ElementDefinitionBindingComponent
12:07:54.169 [main] DEBUG ca.uhn.fhir.context.ModelScanner - Scanning resource block class: org.hl7.fhir.r4.model.ElementDefinition$ElementDefinitionBaseComponent
12:07:54.170 [main] DEBUG ca.uhn.fhir.context.ModelScanner - Scanning resource class: org.hl7.fhir.r4.model.Group
12:07:54.173 [main] DEBUG ca.uhn.fhir.context.ModelScanner - Scanning resource class: org.hl7.fhir.r4.model.PractitionerRole
12:07:54.176 [main] DEBUG ca.uhn.fhir.context.ModelScanner - Scanning resource class: org.hl7.fhir.r4.model.Organization
12:07:54.180 [main] DEBUG ca.uhn.fhir.context.ModelScanner - Scanning resource block class: org.hl7.fhir.r4.model.Dosage$DosageDoseAndRateComponent
12:07:54.181 [main] DEBUG ca.uhn.fhir.context.ModelScanner - Scanning resource class: org.hl7.fhir.r4.model.Device
12:07:54.186 [main] DEBUG ca.uhn.fhir.context.ModelScanner - Scanning resource block class: org.hl7.fhir.r4.model.DataRequirement$DataRequirementDateFilterComponent
12:07:54.188 [main] DEBUG ca.uhn.fhir.context.ModelScanner - Scanning resource class: org.hl7.fhir.r4.model.ResearchStudy
12:07:54.192 [main] DEBUG ca.uhn.fhir.context.ModelScanner - Scanning resource block class: org.hl7.fhir.r4.model.DataRequirement$DataRequirementCodeFilterComponent
12:07:54.193 [main] DEBUG ca.uhn.fhir.context.ModelScanner - Scanning resource block class: org.hl7.fhir.r4.model.ElementDefinition$ElementDefinitionSlicingComponent
12:07:54.196 [main] DEBUG ca.uhn.fhir.context.ModelScanner - Scanning resource block class: org.hl7.fhir.r4.model.ElementDefinition$ElementDefinitionConstraintComponent
12:07:54.204 [main] DEBUG ca.uhn.fhir.context.ModelScanner - Scanning resource class: org.hl7.fhir.r4.model.PlanDefinition
12:07:54.215 [main] DEBUG ca.uhn.fhir.context.ModelScanner - Scanning resource class: org.hl7.fhir.r4.model.InsurancePlan
12:07:54.220 [main] DEBUG ca.uhn.fhir.context.ModelScanner - Scanning resource block class: org.hl7.fhir.r4.model.Location$LocationPositionComponent
12:07:54.222 [main] DEBUG ca.uhn.fhir.context.ModelScanner - Scanning resource block class: org.hl7.fhir.r4.model.PractitionerRole$PractitionerRoleAvailableTimeComponent
12:07:54.225 [main] DEBUG ca.uhn.fhir.context.ModelScanner - Scanning resource block class: org.hl7.fhir.r4.model.Device$DeviceUdiCarrierComponent
12:07:54.227 [main] DEBUG ca.uhn.fhir.context.ModelScanner - Scanning resource block class: org.hl7.fhir.r4.model.Organization$OrganizationContactComponent
12:07:54.228 [main] DEBUG ca.uhn.fhir.context.ModelScanner - Scanning resource block class: org.hl7.fhir.r4.model.Patient$PatientLinkComponent
12:07:54.229 [main] DEBUG ca.uhn.fhir.context.ModelScanner - Scanning resource block class: org.hl7.fhir.r4.model.HealthcareService$HealthcareServiceEligibilityComponent
12:07:54.230 [main] DEBUG ca.uhn.fhir.context.ModelScanner - Scanning resource block class: org.hl7.fhir.r4.model.Device$DeviceSpecializationComponent
12:07:54.231 [main] DEBUG ca.uhn.fhir.context.ModelScanner - Scanning resource block class: org.hl7.fhir.r4.model.Patient$PatientCommunicationComponent
12:07:54.232 [main] DEBUG ca.uhn.fhir.context.ModelScanner - Scanning resource block class: org.hl7.fhir.r4.model.Device$DeviceVersionComponent
12:07:54.233 [main] DEBUG ca.uhn.fhir.context.ModelScanner - Scanning resource block class: org.hl7.fhir.r4.model.InsurancePlan$InsurancePlanCoverageComponent
12:07:54.235 [main] DEBUG ca.uhn.fhir.context.ModelScanner - Scanning resource block class: org.hl7.fhir.r4.model.HealthcareService$HealthcareServiceAvailableTimeComponent
12:07:54.240 [main] DEBUG ca.uhn.fhir.context.ModelScanner - Scanning resource block class: org.hl7.fhir.r4.model.Patient$ContactComponent
12:07:54.242 [main] DEBUG ca.uhn.fhir.context.ModelScanner - Scanning resource block class: org.hl7.fhir.r4.model.ResearchStudy$ResearchStudyArmComponent
12:07:54.243 [main] DEBUG ca.uhn.fhir.context.ModelScanner - Scanning resource block class: org.hl7.fhir.r4.model.Practitioner$PractitionerQualificationComponent
12:07:54.245 [main] DEBUG ca.uhn.fhir.context.ModelScanner - Scanning resource class: org.hl7.fhir.r4.model.Endpoint
12:07:54.249 [main] DEBUG ca.uhn.fhir.context.ModelScanner - Scanning resource block class: org.hl7.fhir.r4.model.Group$GroupMemberComponent
12:07:54.250 [main] DEBUG ca.uhn.fhir.context.ModelScanner - Scanning resource block class: org.hl7.fhir.r4.model.HealthcareService$HealthcareServiceNotAvailableComponent
12:07:54.251 [main] DEBUG ca.uhn.fhir.context.ModelScanner - Scanning resource block class: org.hl7.fhir.r4.model.PlanDefinition$PlanDefinitionGoalComponent
12:07:54.254 [main] DEBUG ca.uhn.fhir.context.ModelScanner - Scanning resource block class: org.hl7.fhir.r4.model.Device$DeviceDeviceNameComponent
12:07:54.255 [main] DEBUG ca.uhn.fhir.context.ModelScanner - Scanning resource block class: org.hl7.fhir.r4.model.InsurancePlan$InsurancePlanPlanComponent
12:07:54.261 [main] DEBUG ca.uhn.fhir.context.ModelScanner - Scanning resource block class: org.hl7.fhir.r4.model.Location$LocationHoursOfOperationComponent
12:07:54.264 [main] DEBUG ca.uhn.fhir.context.ModelScanner - Scanning resource block class: org.hl7.fhir.r4.model.ResearchStudy$ResearchStudyObjectiveComponent
12:07:54.265 [main] DEBUG ca.uhn.fhir.context.ModelScanner - Scanning resource block class: org.hl7.fhir.r4.model.InsurancePlan$InsurancePlanContactComponent
12:07:54.267 [main] DEBUG ca.uhn.fhir.context.ModelScanner - Scanning resource block class: org.hl7.fhir.r4.model.PlanDefinition$PlanDefinitionActionComponent
12:07:54.277 [main] DEBUG ca.uhn.fhir.context.ModelScanner - Scanning resource class: org.hl7.fhir.r4.model.DeviceDefinition
12:07:54.279 [main] DEBUG ca.uhn.fhir.context.ModelScanner - Scanning resource block class: org.hl7.fhir.r4.model.Device$DevicePropertyComponent
12:07:54.280 [main] DEBUG ca.uhn.fhir.context.ModelScanner - Scanning resource block class: org.hl7.fhir.r4.model.RelatedPerson$RelatedPersonCommunicationComponent
12:07:54.281 [main] DEBUG ca.uhn.fhir.context.ModelScanner - Scanning resource block class: org.hl7.fhir.r4.model.Group$GroupCharacteristicComponent
12:07:54.282 [main] DEBUG ca.uhn.fhir.context.ModelScanner - Scanning resource block class: org.hl7.fhir.r4.model.ElementDefinition$ElementDefinitionSlicingDiscriminatorComponent
12:07:54.283 [main] DEBUG ca.uhn.fhir.context.ModelScanner - Scanning resource block class: org.hl7.fhir.r4.model.PractitionerRole$PractitionerRoleNotAvailableComponent
12:07:54.284 [main] DEBUG ca.uhn.fhir.context.ModelScanner - Scanning resource block class: org.hl7.fhir.r4.model.DeviceDefinition$DeviceDefinitionUdiDeviceIdentifierComponent
12:07:54.284 [main] DEBUG ca.uhn.fhir.context.ModelScanner - Scanning resource block class: org.hl7.fhir.r4.model.InsurancePlan$CoverageBenefitComponent
12:07:54.287 [main] DEBUG ca.uhn.fhir.context.ModelScanner - Scanning resource class: org.hl7.fhir.r4.model.Medication
12:07:54.289 [main] DEBUG ca.uhn.fhir.context.ModelScanner - Scanning resource block class: org.hl7.fhir.r4.model.DeviceDefinition$DeviceDefinitionCapabilityComponent
12:07:54.290 [main] DEBUG ca.uhn.fhir.context.ModelScanner - Scanning resource block class: org.hl7.fhir.r4.model.DeviceDefinition$DeviceDefinitionSpecializationComponent
12:07:54.291 [main] DEBUG ca.uhn.fhir.context.ModelScanner - Scanning resource block class: org.hl7.fhir.r4.model.PlanDefinition$PlanDefinitionGoalTargetComponent
12:07:54.294 [main] DEBUG ca.uhn.fhir.context.ModelScanner - Scanning resource block class: org.hl7.fhir.r4.model.PlanDefinition$PlanDefinitionActionDynamicValueComponent
12:07:54.295 [main] DEBUG ca.uhn.fhir.context.ModelScanner - Scanning resource block class: org.hl7.fhir.r4.model.InsurancePlan$InsurancePlanPlanGeneralCostComponent
12:07:54.296 [main] DEBUG ca.uhn.fhir.context.ModelScanner - Scanning resource class: org.hl7.fhir.r4.model.Substance
12:07:54.298 [main] DEBUG ca.uhn.fhir.context.ModelScanner - Scanning resource block class: org.hl7.fhir.r4.model.DeviceDefinition$DeviceDefinitionPropertyComponent
12:07:54.300 [main] DEBUG ca.uhn.fhir.context.ModelScanner - Scanning resource block class: org.hl7.fhir.r4.model.PlanDefinition$PlanDefinitionActionConditionComponent
12:07:54.301 [main] DEBUG ca.uhn.fhir.context.ModelScanner - Scanning resource block class: org.hl7.fhir.r4.model.InsurancePlan$InsurancePlanPlanSpecificCostComponent
12:07:54.303 [main] DEBUG ca.uhn.fhir.context.ModelScanner - Scanning resource block class: org.hl7.fhir.r4.model.PlanDefinition$PlanDefinitionActionRelatedActionComponent
12:07:54.304 [main] DEBUG ca.uhn.fhir.context.ModelScanner - Scanning resource block class: org.hl7.fhir.r4.model.DeviceDefinition$DeviceDefinitionMaterialComponent
12:07:54.305 [main] DEBUG ca.uhn.fhir.context.ModelScanner - Scanning resource block class: org.hl7.fhir.r4.model.DeviceDefinition$DeviceDefinitionDeviceNameComponent
12:07:54.306 [main] DEBUG ca.uhn.fhir.context.ModelScanner - Scanning resource block class: org.hl7.fhir.r4.model.PlanDefinition$PlanDefinitionActionParticipantComponent
12:07:54.307 [main] DEBUG ca.uhn.fhir.context.ModelScanner - Scanning resource block class: org.hl7.fhir.r4.model.InsurancePlan$CoverageBenefitLimitComponent
12:07:54.308 [main] DEBUG ca.uhn.fhir.context.ModelScanner - Scanning resource block class: org.hl7.fhir.r4.model.Substance$SubstanceIngredientComponent
12:07:54.309 [main] DEBUG ca.uhn.fhir.context.ModelScanner - Scanning resource block class: org.hl7.fhir.r4.model.Substance$SubstanceInstanceComponent
12:07:54.310 [main] DEBUG ca.uhn.fhir.context.ModelScanner - Scanning resource block class: org.hl7.fhir.r4.model.InsurancePlan$PlanBenefitComponent
12:07:54.312 [main] DEBUG ca.uhn.fhir.context.ModelScanner - Scanning resource block class: org.hl7.fhir.r4.model.Medication$MedicationIngredientComponent
12:07:54.313 [main] DEBUG ca.uhn.fhir.context.ModelScanner - Scanning resource block class: org.hl7.fhir.r4.model.Medication$MedicationBatchComponent
12:07:54.314 [main] DEBUG ca.uhn.fhir.context.ModelScanner - Scanning resource block class: org.hl7.fhir.r4.model.InsurancePlan$PlanBenefitCostComponent
12:07:54.551 [main] DEBUG ca.uhn.fhir.context.ModelScanner - Done scanning FHIR library, found 141 model entries in 1818ms
12:07:54.554 [main] DEBUG ca.uhn.fhir.context.ModelScanner - Scanning resource class: org.hl7.fhir.r4.model.CapabilityStatement
12:07:54.557 [main] DEBUG ca.uhn.fhir.context.ModelScanner - Scanning resource block class: org.hl7.fhir.r4.model.CapabilityStatement$CapabilityStatementDocumentComponent
12:07:54.560 [main] DEBUG ca.uhn.fhir.context.ModelScanner - Scanning resource block class: org.hl7.fhir.r4.model.CapabilityStatement$CapabilityStatementMessagingComponent
12:07:54.585 [main] DEBUG ca.uhn.fhir.context.ModelScanner - Scanning resource block class: org.hl7.fhir.r4.model.CapabilityStatement$CapabilityStatementSoftwareComponent
12:07:54.587 [main] DEBUG ca.uhn.fhir.context.ModelScanner - Scanning resource block class: org.hl7.fhir.r4.model.CapabilityStatement$CapabilityStatementRestComponent
12:07:54.596 [main] DEBUG ca.uhn.fhir.context.ModelScanner - Scanning resource block class: org.hl7.fhir.r4.model.CapabilityStatement$CapabilityStatementImplementationComponent
12:07:54.597 [main] DEBUG ca.uhn.fhir.context.ModelScanner - Scanning resource block class: org.hl7.fhir.r4.model.CapabilityStatement$CapabilityStatementRestResourceComponent
12:07:54.602 [main] DEBUG ca.uhn.fhir.context.ModelScanner - Scanning resource block class: org.hl7.fhir.r4.model.CapabilityStatement$CapabilityStatementRestResourceSearchParamComponent
12:07:54.604 [main] DEBUG ca.uhn.fhir.context.ModelScanner - Scanning resource block class: org.hl7.fhir.r4.model.CapabilityStatement$SystemInteractionComponent
12:07:54.604 [main] DEBUG ca.uhn.fhir.context.ModelScanner - Scanning resource block class: org.hl7.fhir.r4.model.CapabilityStatement$CapabilityStatementMessagingSupportedMessageComponent
12:07:54.605 [main] DEBUG ca.uhn.fhir.context.ModelScanner - Scanning resource block class: org.hl7.fhir.r4.model.CapabilityStatement$CapabilityStatementRestSecurityComponent
12:07:54.606 [main] DEBUG ca.uhn.fhir.context.ModelScanner - Scanning resource block class: org.hl7.fhir.r4.model.CapabilityStatement$CapabilityStatementRestResourceOperationComponent
12:07:54.607 [main] DEBUG ca.uhn.fhir.context.ModelScanner - Scanning resource block class: org.hl7.fhir.r4.model.CapabilityStatement$CapabilityStatementMessagingEndpointComponent
12:07:54.608 [main] DEBUG ca.uhn.fhir.context.ModelScanner - Scanning resource block class: org.hl7.fhir.r4.model.CapabilityStatement$ResourceInteractionComponent
12:07:54.629 [main] DEBUG ca.uhn.fhir.context.ModelScanner - Done scanning FHIR library, found 14 model entries in 77ms
12:07:54.722 [main] DEBUG org.apache.http.client.protocol.RequestAuthCache - Auth cache not set in the context
12:07:54.724 [main] DEBUG org.apache.http.impl.conn.PoolingHttpClientConnectionManager - Connection request: [route: {}->http://localhost:9504][total kept alive: 0; route allocated: 0 of 20; total allocated: 0 of 20]
12:07:54.763 [main] DEBUG org.apache.http.impl.conn.PoolingHttpClientConnectionManager - Connection leased: [id: 0][route: {}->http://localhost:9504][total kept alive: 0; route allocated: 1 of 20; total allocated: 1 of 20]
12:07:54.769 [main] DEBUG org.apache.http.impl.execchain.MainClientExec - Opening connection {}->http://localhost:9504
12:07:54.832 [main] DEBUG org.apache.http.impl.conn.DefaultHttpClientConnectionOperator - Connecting to localhost/127.0.0.1:9504
12:07:55.845 [main] DEBUG org.apache.http.impl.conn.DefaultHttpClientConnectionOperator - Connect to localhost/127.0.0.1:9504 timed out. Connection will be retried using another IP address
12:07:55.845 [main] DEBUG org.apache.http.impl.conn.DefaultHttpClientConnectionOperator - Connecting to localhost/0:0:0:0:0:0:0:1:9504
12:07:56.857 [main] DEBUG org.apache.http.impl.conn.DefaultManagedHttpClientConnection - http-outgoing-0: Shutdown connection
12:07:56.858 [main] DEBUG org.apache.http.impl.execchain.MainClientExec - Connection discarded
12:07:56.859 [main] DEBUG org.apache.http.impl.conn.PoolingHttpClientConnectionManager - Connection released: [id: 0][route: {}->http://localhost:9504][total kept alive: 0; route allocated: 0 of 20; total allocated: 0 of 20]
]]></system-out>
  </testcase>
</testsuite>